<?xml version="1.0" encoding="UTF-8"?>
<!-- Generated by org.testng.reporters.JUnitReportReporter -->
<testsuite hostname="DESKTOP-M09N331" failures="0" tests="2" name="edu.TestDniCalculator" time="0.010" errors="0" timestamp="2024-02-13T21:27:46 CET" skipped="0">
  <testcase classname="edu.TestDniCalculator" name="testCalculateLetter" time="0.009"/>
  <testcase classname="edu.TestDniCalculator" name="testInvalidDniFormat" time="0.001"/>
</testsuite> <!-- edu.TestDniCalculator -->
